{"level":"info","message":"Generating predictions...","service":"matka-prediction-engine","timestamp":"2025-09-29 14:26:06"}
{"level":"info","message":"Loading historical data from MongoDB...","service":"matka-prediction-engine","timestamp":"2025-09-29 14:26:06"}
{"level":"info","message":"Successfully connected to MongoDB","service":"matka-prediction-engine","timestamp":"2025-09-29 14:26:07"}
{"level":"info","message":"Retrieved 0 historical records","service":"matka-prediction-engine","timestamp":"2025-09-29 14:26:07"}
{"level":"warn","message":"No historical data found in database. Generating sample data...","service":"matka-prediction-engine","timestamp":"2025-09-29 14:26:07"}
{"level":"info","message":"Generated 50 sample records","service":"matka-prediction-engine","timestamp":"2025-09-29 14:26:07"}
{"level":"debug","message":"Stats - Mean: 52.12, Std: 27.54, Min: 2, Max: 99, Count: 50","service":"matka-prediction-engine","timestamp":"2025-09-29 14:26:07"}
{"level":"error","message":"Error generating predictions: The global config is readonly. \nPlease create a mathjs instance if you want to change the default configuration. \nExample:\n\n  import { create, all } from 'mathjs';\n  const mathjs = create(all);\n  mathjs.config({ number: 'BigNumber' });\n","service":"matka-prediction-engine","stack":"Error: The global config is readonly. \nPlease create a mathjs instance if you want to change the default configuration. \nExample:\n\n  import { create, all } from 'mathjs';\n  const mathjs = create(all);\n  mathjs.config({ number: 'BigNumber' });\n\n    at Module.config (file:///C:/Users/admin/OneDrive/Desktop/matdata/matka-platform/backend/prediction-engine/node_modules/mathjs/lib/esm/entry/configReadonly.js:7:11)\n    at MatkaPredictor.performMonteCarloSimulation (file:///C:/Users/admin/OneDrive/Desktop/matdata/matka-platform/backend/prediction-engine/dist/services/prediction/matkaPredictor.js:511:14)\n    at MatkaPredictor.generatePredictions (file:///C:/Users/admin/OneDrive/Desktop/matdata/matka-platform/backend/prediction-engine/dist/services/prediction/matkaPredictor.js:662:18)\n    at async C:\\Users\\admin\\OneDrive\\Desktop\\matdata\\matka-platform\\backend\\routes\\predictions.js:48:22","timestamp":"2025-09-29 14:26:07"}
{"level":"info","message":"Generating predictions...","service":"matka-prediction-engine","timestamp":"2025-09-30 11:33:23"}
{"level":"info","message":"Loading historical data from MongoDB...","service":"matka-prediction-engine","timestamp":"2025-09-30 11:33:23"}
{"level":"info","message":"Successfully connected to MongoDB","service":"matka-prediction-engine","timestamp":"2025-09-30 11:33:24"}
{"level":"info","message":"Querying for dates >= 2025-08-31T06:03:24.620Z","service":"matka-prediction-engine","timestamp":"2025-09-30 11:33:24"}
{"level":"info","message":"Found 0 results with middle exists","service":"matka-prediction-engine","timestamp":"2025-09-30 11:33:24"}
{"level":"info","message":"Retrieved 0 historical records","service":"matka-prediction-engine","timestamp":"2025-09-30 11:33:24"}
{"level":"warn","message":"No historical data found in database. Predictions require real historical data from DPBoss.","service":"matka-prediction-engine","timestamp":"2025-09-30 11:33:24"}
{"level":"error","message":"Error loading historical data: No historical data available. Please run the scraper to populate the database with DPBoss data.","service":"matka-prediction-engine","stack":"Error: No historical data available. Please run the scraper to populate the database with DPBoss data.\n    at MatkaPredictor.loadData (file:///C:/Users/admin/OneDrive/Desktop/matdata/matdata/backend/prediction-engine/dist/services/prediction/matkaPredictor.js:98:23)\n    at process.processTicksAndRejections (node:internal/process/task_queues:105:5)\n    at async MatkaPredictor.generatePredictions (file:///C:/Users/admin/OneDrive/Desktop/matdata/matdata/backend/prediction-engine/dist/services/prediction/matkaPredictor.js:622:17)\n    at async C:\\Users\\admin\\OneDrive\\Desktop\\matdata\\matdata\\backend\\routes\\predictions.js:48:22","timestamp":"2025-09-30 11:33:24"}
{"level":"error","message":"Error generating predictions: No historical data available. Please run the scraper to populate the database with DPBoss data.","service":"matka-prediction-engine","stack":"Error: No historical data available. Please run the scraper to populate the database with DPBoss data.\n    at MatkaPredictor.loadData (file:///C:/Users/admin/OneDrive/Desktop/matdata/matdata/backend/prediction-engine/dist/services/prediction/matkaPredictor.js:98:23)\n    at process.processTicksAndRejections (node:internal/process/task_queues:105:5)\n    at async MatkaPredictor.generatePredictions (file:///C:/Users/admin/OneDrive/Desktop/matdata/matdata/backend/prediction-engine/dist/services/prediction/matkaPredictor.js:622:17)\n    at async C:\\Users\\admin\\OneDrive\\Desktop\\matdata\\matdata\\backend\\routes\\predictions.js:48:22","timestamp":"2025-09-30 11:33:24"}
{"level":"info","message":"Generating predictions...","service":"matka-prediction-engine","timestamp":"2025-09-30 11:33:24"}
{"level":"info","message":"Loading historical data from MongoDB...","service":"matka-prediction-engine","timestamp":"2025-09-30 11:33:24"}
{"level":"info","message":"Successfully connected to MongoDB","service":"matka-prediction-engine","timestamp":"2025-09-30 11:33:24"}
{"level":"info","message":"Querying for dates >= 2025-08-31T06:03:24.773Z","service":"matka-prediction-engine","timestamp":"2025-09-30 11:33:24"}
{"level":"info","message":"Found 0 results with middle exists","service":"matka-prediction-engine","timestamp":"2025-09-30 11:33:24"}
{"level":"info","message":"Retrieved 0 historical records","service":"matka-prediction-engine","timestamp":"2025-09-30 11:33:24"}
{"level":"warn","message":"No historical data found in database. Predictions require real historical data from DPBoss.","service":"matka-prediction-engine","timestamp":"2025-09-30 11:33:24"}
{"level":"error","message":"Error loading historical data: No historical data available. Please run the scraper to populate the database with DPBoss data.","service":"matka-prediction-engine","stack":"Error: No historical data available. Please run the scraper to populate the database with DPBoss data.\n    at MatkaPredictor.loadData (file:///C:/Users/admin/OneDrive/Desktop/matdata/matdata/backend/prediction-engine/dist/services/prediction/matkaPredictor.js:98:23)\n    at process.processTicksAndRejections (node:internal/process/task_queues:105:5)\n    at async MatkaPredictor.generatePredictions (file:///C:/Users/admin/OneDrive/Desktop/matdata/matdata/backend/prediction-engine/dist/services/prediction/matkaPredictor.js:622:17)\n    at async C:\\Users\\admin\\OneDrive\\Desktop\\matdata\\matdata\\backend\\routes\\predictions.js:48:22","timestamp":"2025-09-30 11:33:24"}
{"level":"error","message":"Error generating predictions: No historical data available. Please run the scraper to populate the database with DPBoss data.","service":"matka-prediction-engine","stack":"Error: No historical data available. Please run the scraper to populate the database with DPBoss data.\n    at MatkaPredictor.loadData (file:///C:/Users/admin/OneDrive/Desktop/matdata/matdata/backend/prediction-engine/dist/services/prediction/matkaPredictor.js:98:23)\n    at process.processTicksAndRejections (node:internal/process/task_queues:105:5)\n    at async MatkaPredictor.generatePredictions (file:///C:/Users/admin/OneDrive/Desktop/matdata/matdata/backend/prediction-engine/dist/services/prediction/matkaPredictor.js:622:17)\n    at async C:\\Users\\admin\\OneDrive\\Desktop\\matdata\\matdata\\backend\\routes\\predictions.js:48:22","timestamp":"2025-09-30 11:33:24"}
{"level":"info","message":"Generating predictions...","service":"matka-prediction-engine","timestamp":"2025-09-30 11:39:01"}
{"level":"info","message":"Loading historical data from MongoDB...","service":"matka-prediction-engine","timestamp":"2025-09-30 11:39:01"}
{"level":"info","message":"Successfully connected to MongoDB","service":"matka-prediction-engine","timestamp":"2025-09-30 11:39:02"}
{"level":"info","message":"Querying for dates >= 2025-08-31T06:09:02.585Z","service":"matka-prediction-engine","timestamp":"2025-09-30 11:39:02"}
{"level":"info","message":"Found 0 results with middle exists","service":"matka-prediction-engine","timestamp":"2025-09-30 11:39:02"}
{"level":"info","message":"Retrieved 0 historical records","service":"matka-prediction-engine","timestamp":"2025-09-30 11:39:02"}
{"level":"warn","message":"No historical data found in database. Predictions require real historical data from DPBoss.","service":"matka-prediction-engine","timestamp":"2025-09-30 11:39:02"}
{"level":"error","message":"Error loading historical data: No historical data available. Please run the scraper to populate the database with DPBoss data.","service":"matka-prediction-engine","stack":"Error: No historical data available. Please run the scraper to populate the database with DPBoss data.\n    at MatkaPredictor.loadData (file:///C:/Users/admin/OneDrive/Desktop/matdata/matdata/backend/prediction-engine/dist/services/prediction/matkaPredictor.js:98:23)\n    at process.processTicksAndRejections (node:internal/process/task_queues:105:5)\n    at async MatkaPredictor.generatePredictions (file:///C:/Users/admin/OneDrive/Desktop/matdata/matdata/backend/prediction-engine/dist/services/prediction/matkaPredictor.js:622:17)\n    at async C:\\Users\\admin\\OneDrive\\Desktop\\matdata\\matdata\\backend\\routes\\predictions.js:48:22","timestamp":"2025-09-30 11:39:02"}
{"level":"error","message":"Error generating predictions: No historical data available. Please run the scraper to populate the database with DPBoss data.","service":"matka-prediction-engine","stack":"Error: No historical data available. Please run the scraper to populate the database with DPBoss data.\n    at MatkaPredictor.loadData (file:///C:/Users/admin/OneDrive/Desktop/matdata/matdata/backend/prediction-engine/dist/services/prediction/matkaPredictor.js:98:23)\n    at process.processTicksAndRejections (node:internal/process/task_queues:105:5)\n    at async MatkaPredictor.generatePredictions (file:///C:/Users/admin/OneDrive/Desktop/matdata/matdata/backend/prediction-engine/dist/services/prediction/matkaPredictor.js:622:17)\n    at async C:\\Users\\admin\\OneDrive\\Desktop\\matdata\\matdata\\backend\\routes\\predictions.js:48:22","timestamp":"2025-09-30 11:39:02"}
{"level":"info","message":"Generating predictions...","service":"matka-prediction-engine","timestamp":"2025-09-30 11:39:04"}
{"level":"info","message":"Loading historical data from MongoDB...","service":"matka-prediction-engine","timestamp":"2025-09-30 11:39:04"}
{"level":"info","message":"Successfully connected to MongoDB","service":"matka-prediction-engine","timestamp":"2025-09-30 11:39:04"}
{"level":"info","message":"Querying for dates >= 2025-08-31T06:09:04.838Z","service":"matka-prediction-engine","timestamp":"2025-09-30 11:39:04"}
{"level":"info","message":"Found 0 results with middle exists","service":"matka-prediction-engine","timestamp":"2025-09-30 11:39:05"}
{"level":"info","message":"Retrieved 0 historical records","service":"matka-prediction-engine","timestamp":"2025-09-30 11:39:05"}
{"level":"warn","message":"No historical data found in database. Predictions require real historical data from DPBoss.","service":"matka-prediction-engine","timestamp":"2025-09-30 11:39:05"}
{"level":"error","message":"Error loading historical data: No historical data available. Please run the scraper to populate the database with DPBoss data.","service":"matka-prediction-engine","stack":"Error: No historical data available. Please run the scraper to populate the database with DPBoss data.\n    at MatkaPredictor.loadData (file:///C:/Users/admin/OneDrive/Desktop/matdata/matdata/backend/prediction-engine/dist/services/prediction/matkaPredictor.js:98:23)\n    at process.processTicksAndRejections (node:internal/process/task_queues:105:5)\n    at async MatkaPredictor.generatePredictions (file:///C:/Users/admin/OneDrive/Desktop/matdata/matdata/backend/prediction-engine/dist/services/prediction/matkaPredictor.js:622:17)\n    at async C:\\Users\\admin\\OneDrive\\Desktop\\matdata\\matdata\\backend\\routes\\predictions.js:48:22","timestamp":"2025-09-30 11:39:05"}
{"level":"error","message":"Error generating predictions: No historical data available. Please run the scraper to populate the database with DPBoss data.","service":"matka-prediction-engine","stack":"Error: No historical data available. Please run the scraper to populate the database with DPBoss data.\n    at MatkaPredictor.loadData (file:///C:/Users/admin/OneDrive/Desktop/matdata/matdata/backend/prediction-engine/dist/services/prediction/matkaPredictor.js:98:23)\n    at process.processTicksAndRejections (node:internal/process/task_queues:105:5)\n    at async MatkaPredictor.generatePredictions (file:///C:/Users/admin/OneDrive/Desktop/matdata/matdata/backend/prediction-engine/dist/services/prediction/matkaPredictor.js:622:17)\n    at async C:\\Users\\admin\\OneDrive\\Desktop\\matdata\\matdata\\backend\\routes\\predictions.js:48:22","timestamp":"2025-09-30 11:39:05"}
{"level":"info","message":"Generating predictions...","service":"matka-prediction-engine","timestamp":"2025-09-30 11:46:26"}
{"level":"info","message":"Loading historical data from MongoDB...","service":"matka-prediction-engine","timestamp":"2025-09-30 11:46:26"}
{"level":"info","message":"Successfully connected to MongoDB","service":"matka-prediction-engine","timestamp":"2025-09-30 11:46:26"}
{"level":"info","message":"Querying for dates >= 2025-08-31T06:16:26.621Z","service":"matka-prediction-engine","timestamp":"2025-09-30 11:46:26"}
{"level":"info","message":"Found 0 results with middle exists","service":"matka-prediction-engine","timestamp":"2025-09-30 11:46:26"}
{"level":"info","message":"Retrieved 0 historical records","service":"matka-prediction-engine","timestamp":"2025-09-30 11:46:26"}
{"level":"warn","message":"No historical data found in database. Predictions require real historical data from DPBoss.","service":"matka-prediction-engine","timestamp":"2025-09-30 11:46:26"}
{"level":"error","message":"Error loading historical data: No historical data available. Please run the scraper to populate the database with DPBoss data.","service":"matka-prediction-engine","stack":"Error: No historical data available. Please run the scraper to populate the database with DPBoss data.\n    at MatkaPredictor.loadData (file:///C:/Users/admin/OneDrive/Desktop/matdata/matdata/backend/prediction-engine/dist/services/prediction/matkaPredictor.js:98:23)\n    at process.processTicksAndRejections (node:internal/process/task_queues:105:5)\n    at async MatkaPredictor.generatePredictions (file:///C:/Users/admin/OneDrive/Desktop/matdata/matdata/backend/prediction-engine/dist/services/prediction/matkaPredictor.js:622:17)\n    at async C:\\Users\\admin\\OneDrive\\Desktop\\matdata\\matdata\\backend\\routes\\predictions.js:48:22","timestamp":"2025-09-30 11:46:26"}
{"level":"error","message":"Error generating predictions: No historical data available. Please run the scraper to populate the database with DPBoss data.","service":"matka-prediction-engine","stack":"Error: No historical data available. Please run the scraper to populate the database with DPBoss data.\n    at MatkaPredictor.loadData (file:///C:/Users/admin/OneDrive/Desktop/matdata/matdata/backend/prediction-engine/dist/services/prediction/matkaPredictor.js:98:23)\n    at process.processTicksAndRejections (node:internal/process/task_queues:105:5)\n    at async MatkaPredictor.generatePredictions (file:///C:/Users/admin/OneDrive/Desktop/matdata/matdata/backend/prediction-engine/dist/services/prediction/matkaPredictor.js:622:17)\n    at async C:\\Users\\admin\\OneDrive\\Desktop\\matdata\\matdata\\backend\\routes\\predictions.js:48:22","timestamp":"2025-09-30 11:46:26"}
{"level":"info","message":"Generating predictions...","service":"matka-prediction-engine","timestamp":"2025-09-30 11:47:04"}
{"level":"info","message":"Loading historical data from MongoDB...","service":"matka-prediction-engine","timestamp":"2025-09-30 11:47:04"}
{"level":"info","message":"Successfully connected to MongoDB","service":"matka-prediction-engine","timestamp":"2025-09-30 11:47:04"}
{"level":"info","message":"Querying for dates >= 2025-08-31T06:17:04.140Z","service":"matka-prediction-engine","timestamp":"2025-09-30 11:47:04"}
{"level":"info","message":"Found 0 results with middle exists","service":"matka-prediction-engine","timestamp":"2025-09-30 11:47:04"}
{"level":"info","message":"Retrieved 0 historical records","service":"matka-prediction-engine","timestamp":"2025-09-30 11:47:04"}
{"level":"warn","message":"No historical data found in database. Predictions require real historical data from DPBoss.","service":"matka-prediction-engine","timestamp":"2025-09-30 11:47:04"}
{"level":"error","message":"Error loading historical data: No historical data available. Please run the scraper to populate the database with DPBoss data.","service":"matka-prediction-engine","stack":"Error: No historical data available. Please run the scraper to populate the database with DPBoss data.\n    at MatkaPredictor.loadData (file:///C:/Users/admin/OneDrive/Desktop/matdata/matdata/backend/prediction-engine/dist/services/prediction/matkaPredictor.js:98:23)\n    at process.processTicksAndRejections (node:internal/process/task_queues:105:5)\n    at async MatkaPredictor.generatePredictions (file:///C:/Users/admin/OneDrive/Desktop/matdata/matdata/backend/prediction-engine/dist/services/prediction/matkaPredictor.js:622:17)\n    at async C:\\Users\\admin\\OneDrive\\Desktop\\matdata\\matdata\\backend\\routes\\predictions.js:48:22","timestamp":"2025-09-30 11:47:04"}
{"level":"error","message":"Error generating predictions: No historical data available. Please run the scraper to populate the database with DPBoss data.","service":"matka-prediction-engine","stack":"Error: No historical data available. Please run the scraper to populate the database with DPBoss data.\n    at MatkaPredictor.loadData (file:///C:/Users/admin/OneDrive/Desktop/matdata/matdata/backend/prediction-engine/dist/services/prediction/matkaPredictor.js:98:23)\n    at process.processTicksAndRejections (node:internal/process/task_queues:105:5)\n    at async MatkaPredictor.generatePredictions (file:///C:/Users/admin/OneDrive/Desktop/matdata/matdata/backend/prediction-engine/dist/services/prediction/matkaPredictor.js:622:17)\n    at async C:\\Users\\admin\\OneDrive\\Desktop\\matdata\\matdata\\backend\\routes\\predictions.js:48:22","timestamp":"2025-09-30 11:47:04"}
{"level":"info","message":"Generating predictions...","service":"matka-prediction-engine","timestamp":"2025-09-30 11:48:42"}
{"level":"info","message":"Loading historical data from MongoDB...","service":"matka-prediction-engine","timestamp":"2025-09-30 11:48:42"}
{"level":"info","message":"Successfully connected to MongoDB","service":"matka-prediction-engine","timestamp":"2025-09-30 11:48:43"}
{"level":"info","message":"Querying for dates >= 2025-08-31T06:18:43.206Z","service":"matka-prediction-engine","timestamp":"2025-09-30 11:48:43"}
{"level":"info","message":"Found 0 results with middle exists","service":"matka-prediction-engine","timestamp":"2025-09-30 11:48:43"}
{"level":"info","message":"Retrieved 0 historical records","service":"matka-prediction-engine","timestamp":"2025-09-30 11:48:43"}
{"level":"warn","message":"No historical data found in database. Predictions require real historical data from DPBoss.","service":"matka-prediction-engine","timestamp":"2025-09-30 11:48:43"}
{"level":"error","message":"Error loading historical data: No historical data available. Please run the scraper to populate the database with DPBoss data.","service":"matka-prediction-engine","stack":"Error: No historical data available. Please run the scraper to populate the database with DPBoss data.\n    at MatkaPredictor.loadData (file:///C:/Users/admin/OneDrive/Desktop/matdata/matdata/backend/prediction-engine/dist/services/prediction/matkaPredictor.js:98:23)\n    at process.processTicksAndRejections (node:internal/process/task_queues:105:5)\n    at async MatkaPredictor.generatePredictions (file:///C:/Users/admin/OneDrive/Desktop/matdata/matdata/backend/prediction-engine/dist/services/prediction/matkaPredictor.js:622:17)\n    at async C:\\Users\\admin\\OneDrive\\Desktop\\matdata\\matdata\\backend\\routes\\predictions.js:48:22","timestamp":"2025-09-30 11:48:43"}
{"level":"error","message":"Error generating predictions: No historical data available. Please run the scraper to populate the database with DPBoss data.","service":"matka-prediction-engine","stack":"Error: No historical data available. Please run the scraper to populate the database with DPBoss data.\n    at MatkaPredictor.loadData (file:///C:/Users/admin/OneDrive/Desktop/matdata/matdata/backend/prediction-engine/dist/services/prediction/matkaPredictor.js:98:23)\n    at process.processTicksAndRejections (node:internal/process/task_queues:105:5)\n    at async MatkaPredictor.generatePredictions (file:///C:/Users/admin/OneDrive/Desktop/matdata/matdata/backend/prediction-engine/dist/services/prediction/matkaPredictor.js:622:17)\n    at async C:\\Users\\admin\\OneDrive\\Desktop\\matdata\\matdata\\backend\\routes\\predictions.js:48:22","timestamp":"2025-09-30 11:48:43"}
{"level":"info","message":"Starting DP Matka Prediction Engine...","service":"matka-prediction-engine","timestamp":"2025-10-01 11:46:16"}
{"level":"info","message":"Loading historical data...","service":"matka-prediction-engine","timestamp":"2025-10-01 11:46:16"}
{"level":"info","message":"Loading historical data from MongoDB...","service":"matka-prediction-engine","timestamp":"2025-10-01 11:46:16"}
{"level":"info","message":"Successfully connected to MongoDB","service":"matka-prediction-engine","timestamp":"2025-10-01 11:46:19"}
{"level":"info","message":"Querying for dates >= 2025-09-01T06:16:19.169Z","service":"matka-prediction-engine","timestamp":"2025-10-01 11:46:19"}
{"level":"info","message":"Found 0 results with middle exists","service":"matka-prediction-engine","timestamp":"2025-10-01 11:46:19"}
{"level":"info","message":"Generating predictions...","service":"matka-prediction-engine","timestamp":"2025-10-02 13:59:39"}
{"level":"debug","message":"Stats - Mean: 49.15, Std: 29.24, Min: 0, Max: 97, Count: 100","service":"matka-prediction-engine","timestamp":"2025-10-02 13:59:39"}
{"level":"debug","message":"Found 32 frequency components","service":"matka-prediction-engine","timestamp":"2025-10-02 13:59:40"}
{"level":"debug","message":"Cluster sizes: 32, 28, 40","service":"matka-prediction-engine","timestamp":"2025-10-02 13:59:40"}
{"level":"info","message":"Backtest accuracy: 20.00% on 10 samples","service":"matka-prediction-engine","timestamp":"2025-10-02 13:59:40"}
{"level":"info","message":"Generating predictions...","service":"matka-prediction-engine","timestamp":"2025-10-02 13:59:40"}
{"level":"debug","message":"Stats - Mean: 49.15, Std: 29.24, Min: 0, Max: 97, Count: 100","service":"matka-prediction-engine","timestamp":"2025-10-02 13:59:40"}
{"level":"debug","message":"Found 32 frequency components","service":"matka-prediction-engine","timestamp":"2025-10-02 13:59:41"}
{"level":"debug","message":"Cluster sizes: 43, 31, 26","service":"matka-prediction-engine","timestamp":"2025-10-02 13:59:41"}
{"level":"info","message":"Backtest accuracy: 20.00% on 10 samples","service":"matka-prediction-engine","timestamp":"2025-10-02 13:59:41"}
{"level":"info","message":"Generating predictions...","service":"matka-prediction-engine","timestamp":"2025-10-02 14:50:08"}
{"level":"debug","message":"Stats - Mean: 49.15, Std: 29.24, Min: 0, Max: 97, Count: 100","service":"matka-prediction-engine","timestamp":"2025-10-02 14:50:08"}
{"level":"debug","message":"Found 32 frequency components","service":"matka-prediction-engine","timestamp":"2025-10-02 14:50:09"}
{"level":"debug","message":"Cluster sizes: 34, 39, 27","service":"matka-prediction-engine","timestamp":"2025-10-02 14:50:09"}
{"level":"info","message":"Backtest accuracy: 20.00% on 10 samples","service":"matka-prediction-engine","timestamp":"2025-10-02 14:50:09"}
{"level":"info","message":"Generating predictions...","service":"matka-prediction-engine","timestamp":"2025-10-02 14:50:10"}
{"level":"debug","message":"Stats - Mean: 49.15, Std: 29.24, Min: 0, Max: 97, Count: 100","service":"matka-prediction-engine","timestamp":"2025-10-02 14:50:10"}
{"level":"debug","message":"Found 32 frequency components","service":"matka-prediction-engine","timestamp":"2025-10-02 14:50:12"}
{"level":"debug","message":"Cluster sizes: 39, 29, 32","service":"matka-prediction-engine","timestamp":"2025-10-02 14:50:12"}
{"level":"info","message":"Backtest accuracy: 20.00% on 10 samples","service":"matka-prediction-engine","timestamp":"2025-10-02 14:50:12"}
{"level":"info","message":"Generating predictions...","service":"matka-prediction-engine","timestamp":"2025-10-02 15:04:23"}
{"level":"debug","message":"Stats - Mean: 48.85, Std: 28.61, Min: 0, Max: 99, Count: 2522","service":"matka-prediction-engine","timestamp":"2025-10-02 15:04:24"}
{"level":"error","message":"Error training ML classifier: input must not be empty","service":"matka-prediction-engine","stack":"TypeError: input must not be empty\n    at Object.mode [as default] (C:\\Users\\admin\\OneDrive\\Desktop\\matdata\\matdata\\backend\\node_modules\\ml-array-mode\\lib\\index.js:10:11)\n    at RandomForestClassifier.selection (C:\\Users\\admin\\OneDrive\\Desktop\\matdata\\matdata\\backend\\node_modules\\ml-random-forest\\random-forest.js:549:41)\n    at collectOOB (C:\\Users\\admin\\OneDrive\\Desktop\\matdata\\matdata\\backend\\node_modules\\ml-random-forest\\random-forest.js:185:49)\n    at RandomForestClassifier.train (C:\\Users\\admin\\OneDrive\\Desktop\\matdata\\matdata\\backend\\node_modules\\ml-random-forest\\random-forest.js:360:25)\n    at MatkaPredictor.trainMLClassifier (file:///C:/Users/admin/OneDrive/Desktop/matdata/matdata/backend/prediction-engine/dist/services/prediction/matkaPredictor.js:454:21)\n    at async MatkaPredictor.generatePredictions (file:///C:/Users/admin/OneDrive/Desktop/matdata/matdata/backend/prediction-engine/dist/services/prediction/matkaPredictor.js:646:13)\n    at async C:\\Users\\admin\\OneDrive\\Desktop\\matdata\\matdata\\backend\\routes\\predictions.js:70:24","timestamp":"2025-10-02 15:06:24"}
{"level":"debug","message":"Found 32 frequency components","service":"matka-prediction-engine","timestamp":"2025-10-02 15:06:24"}
{"level":"debug","message":"Cluster sizes: 933, 778, 811","service":"matka-prediction-engine","timestamp":"2025-10-02 15:06:24"}
{"level":"info","message":"Backtest accuracy: 10.00% on 10 samples","service":"matka-prediction-engine","timestamp":"2025-10-02 15:06:24"}
{"level":"info","message":"Generating predictions...","service":"matka-prediction-engine","timestamp":"2025-10-02 15:06:25"}
{"level":"debug","message":"Stats - Mean: 48.88, Std: 29.65, Min: 0, Max: 98, Count: 282","service":"matka-prediction-engine","timestamp":"2025-10-02 15:06:25"}
{"level":"error","message":"Error training ML classifier: input must not be empty","service":"matka-prediction-engine","stack":"TypeError: input must not be empty\n    at Object.mode [as default] (C:\\Users\\admin\\OneDrive\\Desktop\\matdata\\matdata\\backend\\node_modules\\ml-array-mode\\lib\\index.js:10:11)\n    at RandomForestClassifier.selection (C:\\Users\\admin\\OneDrive\\Desktop\\matdata\\matdata\\backend\\node_modules\\ml-random-forest\\random-forest.js:549:41)\n    at collectOOB (C:\\Users\\admin\\OneDrive\\Desktop\\matdata\\matdata\\backend\\node_modules\\ml-random-forest\\random-forest.js:185:49)\n    at RandomForestClassifier.train (C:\\Users\\admin\\OneDrive\\Desktop\\matdata\\matdata\\backend\\node_modules\\ml-random-forest\\random-forest.js:360:25)\n    at MatkaPredictor.trainMLClassifier (file:///C:/Users/admin/OneDrive/Desktop/matdata/matdata/backend/prediction-engine/dist/services/prediction/matkaPredictor.js:454:21)\n    at process.processTicksAndRejections (node:internal/process/task_queues:105:5)\n    at async MatkaPredictor.generatePredictions (file:///C:/Users/admin/OneDrive/Desktop/matdata/matdata/backend/prediction-engine/dist/services/prediction/matkaPredictor.js:646:13)\n    at async C:\\Users\\admin\\OneDrive\\Desktop\\matdata\\matdata\\backend\\routes\\predictions.js:494:24","timestamp":"2025-10-02 15:06:30"}
{"level":"debug","message":"Found 32 frequency components","service":"matka-prediction-engine","timestamp":"2025-10-02 15:06:30"}
{"level":"debug","message":"Cluster sizes: 87, 103, 92","service":"matka-prediction-engine","timestamp":"2025-10-02 15:06:30"}
{"level":"info","message":"Backtest accuracy: 40.00% on 10 samples","service":"matka-prediction-engine","timestamp":"2025-10-02 15:06:30"}
{"level":"info","message":"Generating predictions...","service":"matka-prediction-engine","timestamp":"2025-10-02 15:06:31"}
{"level":"debug","message":"Stats - Mean: 48.88, Std: 29.65, Min: 0, Max: 98, Count: 282","service":"matka-prediction-engine","timestamp":"2025-10-02 15:06:31"}
{"level":"error","message":"Error training ML classifier: input must not be empty","service":"matka-prediction-engine","stack":"TypeError: input must not be empty\n    at Object.mode [as default] (C:\\Users\\admin\\OneDrive\\Desktop\\matdata\\matdata\\backend\\node_modules\\ml-array-mode\\lib\\index.js:10:11)\n    at RandomForestClassifier.selection (C:\\Users\\admin\\OneDrive\\Desktop\\matdata\\matdata\\backend\\node_modules\\ml-random-forest\\random-forest.js:549:41)\n    at collectOOB (C:\\Users\\admin\\OneDrive\\Desktop\\matdata\\matdata\\backend\\node_modules\\ml-random-forest\\random-forest.js:185:49)\n    at RandomForestClassifier.train (C:\\Users\\admin\\OneDrive\\Desktop\\matdata\\matdata\\backend\\node_modules\\ml-random-forest\\random-forest.js:360:25)\n    at MatkaPredictor.trainMLClassifier (file:///C:/Users/admin/OneDrive/Desktop/matdata/matdata/backend/prediction-engine/dist/services/prediction/matkaPredictor.js:454:21)\n    at process.processTicksAndRejections (node:internal/process/task_queues:105:5)\n    at async MatkaPredictor.generatePredictions (file:///C:/Users/admin/OneDrive/Desktop/matdata/matdata/backend/prediction-engine/dist/services/prediction/matkaPredictor.js:646:13)\n    at async C:\\Users\\admin\\OneDrive\\Desktop\\matdata\\matdata\\backend\\routes\\predictions.js:720:22","timestamp":"2025-10-02 15:06:36"}
{"level":"debug","message":"Found 32 frequency components","service":"matka-prediction-engine","timestamp":"2025-10-02 15:06:37"}
{"level":"debug","message":"Cluster sizes: 85, 95, 102","service":"matka-prediction-engine","timestamp":"2025-10-02 15:06:37"}
{"level":"info","message":"Backtest accuracy: 40.00% on 10 samples","service":"matka-prediction-engine","timestamp":"2025-10-02 15:06:37"}
{"level":"info","message":"Generating predictions...","service":"matka-prediction-engine","timestamp":"2025-10-02 15:10:00"}
{"level":"debug","message":"Stats - Mean: 49.15, Std: 29.24, Min: 0, Max: 97, Count: 100","service":"matka-prediction-engine","timestamp":"2025-10-02 15:10:00"}
{"level":"debug","message":"Found 32 frequency components","service":"matka-prediction-engine","timestamp":"2025-10-02 15:10:01"}
{"level":"debug","message":"Cluster sizes: 28, 40, 32","service":"matka-prediction-engine","timestamp":"2025-10-02 15:10:01"}
{"level":"info","message":"Backtest accuracy: 20.00% on 10 samples","service":"matka-prediction-engine","timestamp":"2025-10-02 15:10:01"}
{"level":"info","message":"Generating predictions...","service":"matka-prediction-engine","timestamp":"2025-10-02 15:10:01"}
{"level":"debug","message":"Stats - Mean: 49.15, Std: 29.24, Min: 0, Max: 97, Count: 100","service":"matka-prediction-engine","timestamp":"2025-10-02 15:10:01"}
{"level":"debug","message":"Found 32 frequency components","service":"matka-prediction-engine","timestamp":"2025-10-02 15:10:03"}
{"level":"debug","message":"Cluster sizes: 41, 28, 31","service":"matka-prediction-engine","timestamp":"2025-10-02 15:10:03"}
{"level":"info","message":"Backtest accuracy: 20.00% on 10 samples","service":"matka-prediction-engine","timestamp":"2025-10-02 15:10:03"}
{"level":"info","message":"Generating predictions...","service":"matka-prediction-engine","timestamp":"2025-10-02 15:10:05"}
{"level":"debug","message":"Stats - Mean: 49.15, Std: 29.24, Min: 0, Max: 97, Count: 100","service":"matka-prediction-engine","timestamp":"2025-10-02 15:10:05"}
{"level":"debug","message":"Found 32 frequency components","service":"matka-prediction-engine","timestamp":"2025-10-02 15:10:06"}
{"level":"debug","message":"Cluster sizes: 26, 31, 43","service":"matka-prediction-engine","timestamp":"2025-10-02 15:10:06"}
{"level":"info","message":"Backtest accuracy: 20.00% on 10 samples","service":"matka-prediction-engine","timestamp":"2025-10-02 15:10:06"}
{"level":"info","message":"Generating predictions...","service":"matka-prediction-engine","timestamp":"2025-10-02 15:10:06"}
{"level":"debug","message":"Stats - Mean: 49.15, Std: 29.24, Min: 0, Max: 97, Count: 100","service":"matka-prediction-engine","timestamp":"2025-10-02 15:10:06"}
{"level":"debug","message":"Found 32 frequency components","service":"matka-prediction-engine","timestamp":"2025-10-02 15:10:07"}
{"level":"debug","message":"Cluster sizes: 45, 28, 27","service":"matka-prediction-engine","timestamp":"2025-10-02 15:10:07"}
{"level":"info","message":"Backtest accuracy: 20.00% on 10 samples","service":"matka-prediction-engine","timestamp":"2025-10-02 15:10:07"}
{"level":"info","message":"Generating predictions...","service":"matka-prediction-engine","timestamp":"2025-10-02 15:10:47"}
{"level":"debug","message":"Stats - Mean: 49.15, Std: 29.24, Min: 0, Max: 97, Count: 100","service":"matka-prediction-engine","timestamp":"2025-10-02 15:10:47"}
{"level":"debug","message":"Found 32 frequency components","service":"matka-prediction-engine","timestamp":"2025-10-02 15:10:48"}
{"level":"debug","message":"Cluster sizes: 26, 43, 31","service":"matka-prediction-engine","timestamp":"2025-10-02 15:10:48"}
{"level":"info","message":"Backtest accuracy: 20.00% on 10 samples","service":"matka-prediction-engine","timestamp":"2025-10-02 15:10:48"}
{"level":"info","message":"Generating predictions...","service":"matka-prediction-engine","timestamp":"2025-10-02 15:10:48"}
{"level":"debug","message":"Stats - Mean: 49.15, Std: 29.24, Min: 0, Max: 97, Count: 100","service":"matka-prediction-engine","timestamp":"2025-10-02 15:10:48"}
{"level":"debug","message":"Found 32 frequency components","service":"matka-prediction-engine","timestamp":"2025-10-02 15:10:48"}
{"level":"debug","message":"Cluster sizes: 25, 40, 35","service":"matka-prediction-engine","timestamp":"2025-10-02 15:10:48"}
{"level":"info","message":"Backtest accuracy: 20.00% on 10 samples","service":"matka-prediction-engine","timestamp":"2025-10-02 15:10:48"}
{"level":"info","message":"Generating predictions...","service":"matka-prediction-engine","timestamp":"2025-10-02 15:10:55"}
{"level":"debug","message":"Stats - Mean: 49.15, Std: 29.24, Min: 0, Max: 97, Count: 100","service":"matka-prediction-engine","timestamp":"2025-10-02 15:10:55"}
{"level":"debug","message":"Found 32 frequency components","service":"matka-prediction-engine","timestamp":"2025-10-02 15:10:55"}
{"level":"debug","message":"Cluster sizes: 38, 31, 31","service":"matka-prediction-engine","timestamp":"2025-10-02 15:10:55"}
{"level":"info","message":"Backtest accuracy: 20.00% on 10 samples","service":"matka-prediction-engine","timestamp":"2025-10-02 15:10:55"}
{"level":"info","message":"Generating predictions...","service":"matka-prediction-engine","timestamp":"2025-10-02 15:55:32"}
{"level":"debug","message":"Stats - Mean: 49.15, Std: 29.24, Min: 0, Max: 97, Count: 100","service":"matka-prediction-engine","timestamp":"2025-10-02 15:55:32"}
{"level":"debug","message":"Found 32 frequency components","service":"matka-prediction-engine","timestamp":"2025-10-02 15:55:33"}
{"level":"debug","message":"Cluster sizes: 31, 26, 43","service":"matka-prediction-engine","timestamp":"2025-10-02 15:55:33"}
{"level":"info","message":"Backtest accuracy: 20.00% on 10 samples","service":"matka-prediction-engine","timestamp":"2025-10-02 15:55:33"}
{"level":"info","message":"Generating predictions...","service":"matka-prediction-engine","timestamp":"2025-10-02 15:55:33"}
{"level":"debug","message":"Stats - Mean: 49.15, Std: 29.24, Min: 0, Max: 97, Count: 100","service":"matka-prediction-engine","timestamp":"2025-10-02 15:55:33"}
{"level":"debug","message":"Found 32 frequency components","service":"matka-prediction-engine","timestamp":"2025-10-02 15:55:34"}
{"level":"debug","message":"Cluster sizes: 35, 25, 40","service":"matka-prediction-engine","timestamp":"2025-10-02 15:55:34"}
{"level":"info","message":"Backtest accuracy: 20.00% on 10 samples","service":"matka-prediction-engine","timestamp":"2025-10-02 15:55:34"}
{"level":"info","message":"Generating predictions...","service":"matka-prediction-engine","timestamp":"2025-10-02 15:56:54"}
{"level":"info","message":"Generating predictions...","service":"matka-prediction-engine","timestamp":"2025-10-02 16:03:25"}
{"level":"debug","message":"Stats - Mean: 49.15, Std: 29.24, Min: 0, Max: 97, Count: 100","service":"matka-prediction-engine","timestamp":"2025-10-02 16:03:25"}
{"level":"debug","message":"Found 32 frequency components","service":"matka-prediction-engine","timestamp":"2025-10-02 16:03:27"}
{"level":"debug","message":"Cluster sizes: 25, 44, 31","service":"matka-prediction-engine","timestamp":"2025-10-02 16:03:27"}
{"level":"info","message":"Backtest accuracy: 20.00% on 10 samples","service":"matka-prediction-engine","timestamp":"2025-10-02 16:03:27"}
{"level":"info","message":"Generating predictions...","service":"matka-prediction-engine","timestamp":"2025-10-02 16:03:28"}
{"level":"debug","message":"Stats - Mean: 49.15, Std: 29.24, Min: 0, Max: 97, Count: 100","service":"matka-prediction-engine","timestamp":"2025-10-02 16:03:28"}
{"level":"debug","message":"Found 32 frequency components","service":"matka-prediction-engine","timestamp":"2025-10-02 16:03:30"}
{"level":"debug","message":"Cluster sizes: 28, 41, 31","service":"matka-prediction-engine","timestamp":"2025-10-02 16:03:30"}
{"level":"info","message":"Backtest accuracy: 20.00% on 10 samples","service":"matka-prediction-engine","timestamp":"2025-10-02 16:03:30"}
{"level":"info","message":"Generating predictions...","service":"matka-prediction-engine","timestamp":"2025-10-02 16:03:35"}
{"level":"debug","message":"Stats - Mean: 49.15, Std: 29.24, Min: 0, Max: 97, Count: 100","service":"matka-prediction-engine","timestamp":"2025-10-02 16:03:35"}
{"level":"debug","message":"Found 32 frequency components","service":"matka-prediction-engine","timestamp":"2025-10-02 16:03:36"}
{"level":"debug","message":"Cluster sizes: 40, 25, 35","service":"matka-prediction-engine","timestamp":"2025-10-02 16:03:36"}
{"level":"info","message":"Backtest accuracy: 20.00% on 10 samples","service":"matka-prediction-engine","timestamp":"2025-10-02 16:03:36"}
{"level":"info","message":"Generating predictions...","service":"matka-prediction-engine","timestamp":"2025-10-02 16:03:37"}
{"level":"debug","message":"Stats - Mean: 49.15, Std: 29.24, Min: 0, Max: 97, Count: 100","service":"matka-prediction-engine","timestamp":"2025-10-02 16:03:37"}
{"level":"debug","message":"Found 32 frequency components","service":"matka-prediction-engine","timestamp":"2025-10-02 16:03:38"}
{"level":"debug","message":"Cluster sizes: 40, 35, 25","service":"matka-prediction-engine","timestamp":"2025-10-02 16:03:38"}
{"level":"info","message":"Backtest accuracy: 20.00% on 10 samples","service":"matka-prediction-engine","timestamp":"2025-10-02 16:03:38"}
{"level":"info","message":"Generating predictions...","service":"matka-prediction-engine","timestamp":"2025-10-02 16:05:06"}
{"level":"debug","message":"Stats - Mean: 49.15, Std: 29.24, Min: 0, Max: 97, Count: 100","service":"matka-prediction-engine","timestamp":"2025-10-02 16:05:06"}
{"level":"debug","message":"Found 32 frequency components","service":"matka-prediction-engine","timestamp":"2025-10-02 16:05:07"}
{"level":"debug","message":"Cluster sizes: 39, 35, 26","service":"matka-prediction-engine","timestamp":"2025-10-02 16:05:07"}
{"level":"info","message":"Backtest accuracy: 20.00% on 10 samples","service":"matka-prediction-engine","timestamp":"2025-10-02 16:05:07"}
{"level":"info","message":"Generating predictions...","service":"matka-prediction-engine","timestamp":"2025-10-02 16:05:07"}
{"level":"debug","message":"Stats - Mean: 49.15, Std: 29.24, Min: 0, Max: 97, Count: 100","service":"matka-prediction-engine","timestamp":"2025-10-02 16:05:07"}
{"level":"debug","message":"Found 32 frequency components","service":"matka-prediction-engine","timestamp":"2025-10-02 16:05:09"}
{"level":"debug","message":"Cluster sizes: 26, 43, 31","service":"matka-prediction-engine","timestamp":"2025-10-02 16:05:09"}
{"level":"info","message":"Backtest accuracy: 20.00% on 10 samples","service":"matka-prediction-engine","timestamp":"2025-10-02 16:05:09"}
{"level":"info","message":"Generating predictions...","service":"matka-prediction-engine","timestamp":"2025-10-02 16:19:36"}
{"level":"debug","message":"Stats - Mean: 49.15, Std: 29.24, Min: 0, Max: 97, Count: 100","service":"matka-prediction-engine","timestamp":"2025-10-02 16:19:36"}
{"level":"debug","message":"Found 32 frequency components","service":"matka-prediction-engine","timestamp":"2025-10-02 16:19:37"}
{"level":"debug","message":"Cluster sizes: 35, 40, 25","service":"matka-prediction-engine","timestamp":"2025-10-02 16:19:37"}
{"level":"info","message":"Backtest accuracy: 20.00% on 10 samples","service":"matka-prediction-engine","timestamp":"2025-10-02 16:19:37"}
{"level":"info","message":"Generating predictions...","service":"matka-prediction-engine","timestamp":"2025-10-02 16:19:38"}
{"level":"debug","message":"Stats - Mean: 49.15, Std: 29.24, Min: 0, Max: 97, Count: 100","service":"matka-prediction-engine","timestamp":"2025-10-02 16:19:38"}
{"level":"debug","message":"Found 32 frequency components","service":"matka-prediction-engine","timestamp":"2025-10-02 16:19:41"}
{"level":"debug","message":"Cluster sizes: 35, 40, 25","service":"matka-prediction-engine","timestamp":"2025-10-02 16:19:41"}
{"level":"info","message":"Backtest accuracy: 20.00% on 10 samples","service":"matka-prediction-engine","timestamp":"2025-10-02 16:19:41"}
{"level":"info","message":"Generating predictions...","service":"matka-prediction-engine","timestamp":"2025-10-02 16:19:41"}
{"level":"debug","message":"Stats - Mean: 49.15, Std: 29.24, Min: 0, Max: 97, Count: 100","service":"matka-prediction-engine","timestamp":"2025-10-02 16:19:41"}
{"level":"debug","message":"Found 32 frequency components","service":"matka-prediction-engine","timestamp":"2025-10-02 16:19:44"}
{"level":"debug","message":"Cluster sizes: 32, 26, 42","service":"matka-prediction-engine","timestamp":"2025-10-02 16:19:44"}
{"level":"info","message":"Backtest accuracy: 20.00% on 10 samples","service":"matka-prediction-engine","timestamp":"2025-10-02 16:19:44"}
{"level":"info","message":"Generating predictions...","service":"matka-prediction-engine","timestamp":"2025-10-02 16:19:44"}
{"level":"debug","message":"Stats - Mean: 49.15, Std: 29.24, Min: 0, Max: 97, Count: 100","service":"matka-prediction-engine","timestamp":"2025-10-02 16:19:44"}
{"level":"debug","message":"Found 32 frequency components","service":"matka-prediction-engine","timestamp":"2025-10-02 16:19:45"}
{"level":"debug","message":"Cluster sizes: 40, 25, 35","service":"matka-prediction-engine","timestamp":"2025-10-02 16:19:45"}
{"level":"info","message":"Backtest accuracy: 20.00% on 10 samples","service":"matka-prediction-engine","timestamp":"2025-10-02 16:19:45"}
{"level":"info","message":"Generating predictions...","service":"matka-prediction-engine","timestamp":"2025-10-02 16:20:46"}
{"level":"debug","message":"Stats - Mean: 49.15, Std: 29.24, Min: 0, Max: 97, Count: 100","service":"matka-prediction-engine","timestamp":"2025-10-02 16:20:46"}
{"level":"debug","message":"Found 32 frequency components","service":"matka-prediction-engine","timestamp":"2025-10-02 16:20:46"}
{"level":"debug","message":"Cluster sizes: 30, 41, 29","service":"matka-prediction-engine","timestamp":"2025-10-02 16:20:46"}
{"level":"info","message":"Backtest accuracy: 20.00% on 10 samples","service":"matka-prediction-engine","timestamp":"2025-10-02 16:20:46"}
{"level":"info","message":"Generating predictions...","service":"matka-prediction-engine","timestamp":"2025-10-02 16:20:46"}
{"level":"debug","message":"Stats - Mean: 49.15, Std: 29.24, Min: 0, Max: 97, Count: 100","service":"matka-prediction-engine","timestamp":"2025-10-02 16:20:46"}
{"level":"debug","message":"Found 32 frequency components","service":"matka-prediction-engine","timestamp":"2025-10-02 16:20:47"}
{"level":"debug","message":"Cluster sizes: 31, 43, 26","service":"matka-prediction-engine","timestamp":"2025-10-02 16:20:47"}
{"level":"info","message":"Backtest accuracy: 20.00% on 10 samples","service":"matka-prediction-engine","timestamp":"2025-10-02 16:20:47"}
