{"level":"info","message":"Starting DP Matka Prediction Engine...","service":"matka-prediction-engine","timestamp":"2025-09-28 17:47:19"}
{"level":"info","message":"Loading historical data...","service":"matka-prediction-engine","timestamp":"2025-09-28 17:47:19"}
{"level":"info","message":"Loading data for the last 30d...","service":"matka-prediction-engine","timestamp":"2025-09-28 17:47:19"}
{"level":"info","message":"Date range: 2025-08-29T12:17:19.762Z to 2025-09-28T12:17:19.762Z","service":"matka-prediction-engine","timestamp":"2025-09-28 17:47:19"}
{"level":"info","message":"Loaded 0 records","service":"matka-prediction-engine","timestamp":"2025-09-28 17:47:19"}
{"level":"warn","message":"No historical data found. Generating sample data...","service":"matka-prediction-engine","timestamp":"2025-09-28 17:47:19"}
{"level":"info","message":"Generated 50 sample records","service":"matka-prediction-engine","timestamp":"2025-09-28 17:47:19"}
{"level":"info","message":"Generating predictions...","service":"matka-prediction-engine","timestamp":"2025-09-28 17:47:19"}
{"level":"info","message":"Generating predictions...","service":"matka-prediction-engine","timestamp":"2025-09-28 17:47:19"}
{"level":"debug","message":"Stats - Mean: 53.58, Std: 28.57, Min: 2, Max: 99, Count: 50","service":"matka-prediction-engine","timestamp":"2025-09-28 17:47:19"}
{"level":"debug","message":"Found 32 frequency components","service":"matka-prediction-engine","timestamp":"2025-09-28 17:47:19"}
{"level":"debug","message":"Cluster sizes: 25, 12, 13","service":"matka-prediction-engine","timestamp":"2025-09-28 17:47:19"}
{"level":"info","message":"Starting DP Matka Prediction Engine...","service":"matka-prediction-engine","timestamp":"2025-09-28 17:58:48"}
{"level":"info","message":"Loading historical data...","service":"matka-prediction-engine","timestamp":"2025-09-28 17:58:48"}
{"level":"info","message":"Loading historical data from MongoDB...","service":"matka-prediction-engine","timestamp":"2025-09-28 17:58:48"}
{"level":"info","message":"Successfully connected to MongoDB","service":"matka-prediction-engine","timestamp":"2025-09-28 17:58:49"}
{"level":"info","message":"Retrieved 0 historical records","service":"matka-prediction-engine","timestamp":"2025-09-28 17:58:49"}
{"level":"warn","message":"No historical data found in database. Generating sample data...","service":"matka-prediction-engine","timestamp":"2025-09-28 17:58:49"}
{"level":"info","message":"Generated 50 sample records","service":"matka-prediction-engine","timestamp":"2025-09-28 17:58:49"}
{"level":"info","message":"Loaded 50 records","service":"matka-prediction-engine","timestamp":"2025-09-28 17:58:49"}
{"level":"info","message":"Generating predictions...","service":"matka-prediction-engine","timestamp":"2025-09-28 17:58:49"}
{"level":"info","message":"Generating predictions...","service":"matka-prediction-engine","timestamp":"2025-09-28 17:58:49"}
{"level":"debug","message":"Stats - Mean: 50.48, Std: 29.06, Min: 4, Max: 99, Count: 50","service":"matka-prediction-engine","timestamp":"2025-09-28 17:58:49"}
{"level":"debug","message":"Found 32 frequency components","service":"matka-prediction-engine","timestamp":"2025-09-28 17:58:49"}
{"level":"debug","message":"Cluster sizes: 16, 15, 19","service":"matka-prediction-engine","timestamp":"2025-09-28 17:58:49"}
